0 info it worked if it ends with ok
1 verbose cli [ 'D:\\ProgramFiles\\NodeJS\\\\node.exe',
1 verbose cli   'D:\\ProgramFiles\\NodeJS\\node_modules\\npm\\bin\\npm-cli.js',
1 verbose cli   'start',
1 verbose cli   'D:\\sites\\floodatlas.org\\asfpm\\www\\floodatlasredesign\\app.js' ]
2 info using npm@1.4.28
3 info using node@v0.10.33
4 verbose node symlink D:\ProgramFiles\NodeJS\\node.exe
5 error Error: ENOENT, open 'D:\sites\floodatlas.org\asfpm\www\floodatlasredesign\app.js\package.json'
6 error If you need help, you may report this *entire* log,
6 error including the npm and node versions, at:
6 error     <http://github.com/npm/npm/issues>
7 error System Windows_NT 6.1.7601
8 error command "D:\\ProgramFiles\\NodeJS\\\\node.exe" "D:\\ProgramFiles\\NodeJS\\node_modules\\npm\\bin\\npm-cli.js" "start" "D:\\sites\\floodatlas.org\\asfpm\\www\\floodatlasredesign\\app.js"
9 error cwd D:\sites\floodatlas.org\asfpm\www\floodatlasredesign
10 error node -v v0.10.33
11 error npm -v 1.4.28
12 error path D:\sites\floodatlas.org\asfpm\www\floodatlasredesign\app.js\package.json
13 error code ENOENT
14 error errno 34
15 verbose exit [ 34, true ]
